d:\classe\m03 + m05 - programació (2n)\projecte final uf3\c-project\harvest moon\harvest moon\debug\vc142.pdb
d:\classe\m03 + m05 - programació (2n)\projecte final uf3\c-project\harvest moon\harvest moon\debug\vc142.idb
d:\classe\m03 + m05 - programació (2n)\projecte final uf3\c-project\harvest moon\harvest moon\debug\animationmanager.obj
d:\classe\m03 + m05 - programació (2n)\projecte final uf3\c-project\harvest moon\harvest moon\debug\dialeg.obj
d:\classe\m03 + m05 - programació (2n)\projecte final uf3\c-project\harvest moon\harvest moon\debug\cultiu.obj
d:\classe\m03 + m05 - programació (2n)\projecte final uf3\c-project\harvest moon\harvest moon\debug\establegallines.obj
d:\classe\m03 + m05 - programació (2n)\projecte final uf3\c-project\harvest moon\harvest moon\debug\covatapada.obj
d:\classe\m03 + m05 - programació (2n)\projecte final uf3\c-project\harvest moon\harvest moon\debug\covaspa.obj
d:\classe\m03 + m05 - programació (2n)\projecte final uf3\c-project\harvest moon\harvest moon\debug\covaprofunda.obj
d:\classe\m03 + m05 - programació (2n)\projecte final uf3\c-project\harvest moon\harvest moon\debug\cova.obj
d:\classe\m03 + m05 - programació (2n)\projecte final uf3\c-project\harvest moon\harvest moon\debug\flowershop.obj
d:\classe\m03 + m05 - programació (2n)\projecte final uf3\c-project\harvest moon\harvest moon\debug\church.obj
d:\classe\m03 + m05 - programació (2n)\projecte final uf3\c-project\harvest moon\harvest moon\debug\carpenter.obj
d:\classe\m03 + m05 - programació (2n)\projecte final uf3\c-project\harvest moon\harvest moon\debug\animalshop.obj
d:\classe\m03 + m05 - programació (2n)\projecte final uf3\c-project\harvest moon\harvest moon\debug\eina.obj
d:\classe\m03 + m05 - programació (2n)\projecte final uf3\c-project\harvest moon\harvest moon\debug\escena.obj
d:\classe\m03 + m05 - programació (2n)\projecte final uf3\c-project\harvest moon\harvest moon\debug\directorescenes.obj
d:\classe\m03 + m05 - programació (2n)\projecte final uf3\c-project\harvest moon\harvest moon\debug\main.obj
d:\classe\m03 + m05 - programació (2n)\projecte final uf3\c-project\harvest moon\harvest moon\debug\tinyxml2.obj
d:\classe\m03 + m05 - programació (2n)\projecte final uf3\c-project\harvest moon\harvest moon\debug\proves.obj
d:\classe\m03 + m05 - programació (2n)\projecte final uf3\c-project\harvest moon\harvest moon\debug\productes.obj
d:\classe\m03 + m05 - programació (2n)\projecte final uf3\c-project\harvest moon\harvest moon\debug\tileset.obj
d:\classe\m03 + m05 - programació (2n)\projecte final uf3\c-project\harvest moon\harvest moon\debug\mapa.obj
d:\classe\m03 + m05 - programació (2n)\projecte final uf3\c-project\harvest moon\harvest moon\debug\layer.obj
d:\classe\m03 + m05 - programació (2n)\projecte final uf3\c-project\harvest moon\harvest moon\debug\toolshop.obj
d:\classe\m03 + m05 - programació (2n)\projecte final uf3\c-project\harvest moon\harvest moon\debug\restaurant.obj
d:\classe\m03 + m05 - programació (2n)\projecte final uf3\c-project\harvest moon\harvest moon\debug\poble.obj
d:\classe\m03 + m05 - programació (2n)\projecte final uf3\c-project\harvest moon\harvest moon\debug\juicebar.obj
d:\classe\m03 + m05 - programació (2n)\projecte final uf3\c-project\harvest moon\harvest moon\debug\mainmenu.obj
d:\classe\m03 + m05 - programació (2n)\projecte final uf3\c-project\harvest moon\harvest moon\debug\intro.obj
d:\classe\m03 + m05 - programació (2n)\projecte final uf3\c-project\harvest moon\harvest moon\debug\meteorologia.obj
d:\classe\m03 + m05 - programació (2n)\projecte final uf3\c-project\harvest moon\harvest moon\debug\jugador.obj
d:\classe\m03 + m05 - programació (2n)\projecte final uf3\c-project\harvest moon\harvest moon\debug\inventari.obj
d:\classe\m03 + m05 - programació (2n)\projecte final uf3\c-project\harvest moon\harvest moon\debug\soundmanager.obj
d:\classe\m03 + m05 - programació (2n)\projecte final uf3\c-project\harvest moon\harvest moon\debug\keyboard.obj
d:\classe\m03 + m05 - programació (2n)\projecte final uf3\c-project\harvest moon\harvest moon\debug\inputmanager.obj
d:\classe\m03 + m05 - programació (2n)\projecte final uf3\c-project\harvest moon\harvest moon\debug\video.obj
d:\classe\m03 + m05 - programació (2n)\projecte final uf3\c-project\harvest moon\harvest moon\debug\resourcemanager.obj
d:\classe\m03 + m05 - programació (2n)\projecte final uf3\c-project\harvest moon\harvest moon\debug\granja.obj
d:\classe\m03 + m05 - programació (2n)\projecte final uf3\c-project\harvest moon\harvest moon\debug\establevaques.obj
d:\classe\m03 + m05 - programació (2n)\projecte final uf3\c-project\harvest moon\harvest moon\debug\casetaeines.obj
d:\classe\m03 + m05 - programació (2n)\projecte final uf3\c-project\harvest moon\harvest moon\debug\casa.obj
c:\users\ferran.llobet\desktop\c-project\harvest moon\harvest moon\debug\vc142.pdb
c:\users\ferran.llobet\desktop\c-project\harvest moon\harvest moon\debug\vc142.idb
c:\users\ferran.llobet\desktop\c-project\harvest moon\harvest moon\debug\animationmanager.obj
c:\users\ferran.llobet\desktop\c-project\harvest moon\harvest moon\debug\dialeg.obj
c:\users\ferran.llobet\desktop\c-project\harvest moon\harvest moon\debug\cultiu.obj
c:\users\ferran.llobet\desktop\c-project\harvest moon\harvest moon\debug\casa.obj
c:\users\ferran.llobet\desktop\c-project\harvest moon\harvest moon\debug\eina.obj
c:\users\ferran.llobet\desktop\c-project\harvest moon\harvest moon\debug\establegallines.obj
c:\users\ferran.llobet\desktop\c-project\harvest moon\harvest moon\debug\resourcemanager.obj
c:\users\ferran.llobet\desktop\c-project\harvest moon\harvest moon\debug\video.obj
c:\users\ferran.llobet\desktop\c-project\harvest moon\harvest moon\debug\inputmanager.obj
c:\users\ferran.llobet\desktop\c-project\harvest moon\harvest moon\debug\keyboard.obj
c:\users\ferran.llobet\desktop\c-project\harvest moon\harvest moon\debug\soundmanager.obj
c:\users\ferran.llobet\desktop\c-project\harvest moon\harvest moon\debug\meteorologia.obj
c:\users\ferran.llobet\desktop\c-project\harvest moon\harvest moon\debug\juicebar.obj
c:\users\ferran.llobet\desktop\c-project\harvest moon\harvest moon\debug\poble.obj
c:\users\ferran.llobet\desktop\c-project\harvest moon\harvest moon\debug\mainmenu.obj
d:\classe\m03 + m05 - programació (2n)\projecte final uf3\c-project\harvest moon\debug\harvest moon.exe
d:\classe\m03 + m05 - programació (2n)\projecte final uf3\c-project\harvest moon\harvest moon\debug\harvest moon.ilk
d:\classe\m03 + m05 - programació (2n)\projecte final uf3\c-project\harvest moon\debug\harvest moon.pdb
d:\classe\m03 + m05 - programació (2n)\projecte final uf3\c-project\harvest moon\harvest moon\debug\joc.obj
d:\classe\m03 + m05 - programació (2n)\projecte final uf3\c-project\harvest moon\harvest moon\debug\scene.obj
d:\classe\m03 + m05 - programació (2n)\projecte final uf3\c-project\harvest moon\harvest moon\debug\scenemanager.obj
d:\classe\m03 + m05 - programació (2n)\projecte final uf3\c-project\harvest moon\harvest moon\debug\harvest moon.tlog\cl.command.1.tlog
d:\classe\m03 + m05 - programació (2n)\projecte final uf3\c-project\harvest moon\harvest moon\debug\harvest moon.tlog\cl.read.1.tlog
d:\classe\m03 + m05 - programació (2n)\projecte final uf3\c-project\harvest moon\harvest moon\debug\harvest moon.tlog\cl.write.1.tlog
d:\classe\m03 + m05 - programació (2n)\projecte final uf3\c-project\harvest moon\harvest moon\debug\harvest moon.tlog\link.command.1.tlog
d:\classe\m03 + m05 - programació (2n)\projecte final uf3\c-project\harvest moon\harvest moon\debug\harvest moon.tlog\link.read.1.tlog
d:\classe\m03 + m05 - programació (2n)\projecte final uf3\c-project\harvest moon\harvest moon\debug\harvest moon.tlog\link.write.1.tlog
